  script.cpp
c:\xufan gta\datasampler\datasampler\script.cpp(116): warning C4267: 'initializing': conversion from 'size_t' to 'int', possible loss of data
c:\xufan gta\datasampler\datasampler\script.cpp(122): warning C4267: 'initializing': conversion from 'size_t' to 'int', possible loss of data
c:\xufan gta\datasampler\datasampler\script.cpp(127): warning C4267: 'initializing': conversion from 'size_t' to 'int', possible loss of data
c:\xufan gta\datasampler\datasampler\script.cpp(132): warning C4267: 'initializing': conversion from 'size_t' to 'int', possible loss of data
c:\xufan gta\datasampler\datasampler\script.cpp(137): warning C4267: 'initializing': conversion from 'size_t' to 'int', possible loss of data
c:\xufan gta\datasampler\datasampler\script.cpp(145): warning C4267: 'initializing': conversion from 'size_t' to 'int', possible loss of data
c:\xufan gta\datasampler\datasampler\script.cpp(160): warning C4267: 'initializing': conversion from 'size_t' to 'int', possible loss of data
c:\xufan gta\datasampler\datasampler\script.cpp(369): warning C4267: 'argument': conversion from 'size_t' to 'int', possible loss of data
c:\xufan gta\datasampler\datasampler\script.cpp(389): warning C4267: 'argument': conversion from 'size_t' to 'int', possible loss of data
c:\xufan gta\datasampler\datasampler\script.cpp(459): warning C4267: 'argument': conversion from 'size_t' to 'int', possible loss of data
c:\xufan gta\datasampler\datasampler\script.cpp(460): warning C4267: 'argument': conversion from 'size_t' to 'int', possible loss of data
c:\xufan gta\datasampler\datasampler\script.cpp(463): warning C4267: 'argument': conversion from 'size_t' to 'int', possible loss of data
c:\xufan gta\datasampler\datasampler\script.cpp(468): warning C4267: 'argument': conversion from 'size_t' to 'int', possible loss of data
c:\xufan gta\datasampler\datasampler\script.cpp(733): warning C4267: '=': conversion from 'size_t' to 'int', possible loss of data
c:\xufan gta\datasampler\datasampler\script.cpp(802): warning C4267: '=': conversion from 'size_t' to 'int', possible loss of data
  Generating code
  6 of 2773 functions ( 0.2%) were compiled, the rest were copied from previous compilation.
    0 functions were new in current compilation
    1 functions had inline decision re-evaluated but remain unchanged
  Finished generating code
  DataSampler.vcxproj -> C:\Xufan GTA\DataSampler\DataSampler\bin\Release\DataSampler.asi
